<?xml version="1.0" encoding="UTF-8"?>
<testsuite xmlns:xsi="http://www.w3.org/2001/XMLSchema-instance" xsi:noNamespaceSchemaLocation="https://maven.apache.org/surefire/maven-surefire-plugin/xsd/surefire-test-report-3.0.xsd" version="3.0" name="net.mooctest.LibraryTest" time="0.174" tests="140" errors="0" skipped="0" failures="0">
  <properties>
[...]
</properties>
  <testcase name="testReservation_VIPPriority_Bonus" classname="net.mooctest.LibraryTest" time="0.013">
    <system-out><![CDATA[For VIP users' reservations, the priority is enhanced.
]]></system-out>
  </testcase>
  <testcase name="testBorrowBook_WhenBookAvailable_ShouldSucceed" classname="net.mooctest.LibraryTest" time="0.0">
    <system-out><![CDATA[Successfully borrowed the book. Remaining copies:2
Alicesuccessfully borrowed Java, due date:Fri Nov 14 00:37:33 CST 2025
]]></system-out>
  </testcase>
  <testcase name="testBook_IsAvailable_NoCopies_Println" classname="net.mooctest.LibraryTest" time="0.0"/>
  <testcase name="testVIPUser_ReturnBook_Overdue_ShouldSetReturnDateAndFinesIncreaseAndCreditMinus3" classname="net.mooctest.LibraryTest" time="0.002">
    <system-out><![CDATA[Successfully returned the book. Currently available copies for borrowing:1
]]></system-out>
  </testcase>
  <testcase name="testRegularUser_BorrowBook_InventoryInsufficient_Reserved" classname="net.mooctest.LibraryTest" time="0.002">
    <system-out><![CDATA[There are no available copies.
]]></system-out>
  </testcase>
  <testcase name="testBook_AddReservation_Sysout" classname="net.mooctest.LibraryTest" time="0.0"/>
  <testcase name="testCreditRepair_WhenVipCreditLow_ShouldRestore" classname="net.mooctest.LibraryTest" time="0.001">
    <system-out><![CDATA[Credit score increased by 10. Current credit score: 40
]]></system-out>
  </testcase>
  <testcase name="testCancelReservation_WhenBookNotReserved_ShouldThrow" classname="net.mooctest.LibraryTest" time="0.0"/>
  <testcase name="testInventoryService_ReportDamaged_Positive_ShouldSetRepairAndCharge" classname="net.mooctest.LibraryTest" time="0.0"/>
  <testcase name="testUser_DeductScore_Logs_FreezeAndDecrease" classname="net.mooctest.LibraryTest" time="0.0"/>
  <testcase name="testRegularUser_BorrowBook_FineFreezeBranch" classname="net.mooctest.LibraryTest" time="0.0"/>
  <testcase name="testRegularUser_CalculateDueDate_ShouldBeBorrowPlus14Days" classname="net.mooctest.LibraryTest" time="0.0"/>
  <testcase name="testNotificationService_EmailSuccess" classname="net.mooctest.LibraryTest" time="0.003">
    <system-out><![CDATA[Successfully sent email to u@test.com: msg
]]></system-out>
  </testcase>
  <testcase name="testBook_RemoveReservation_Sysout" classname="net.mooctest.LibraryTest" time="0.0">
    <system-out><![CDATA[Reservation added successfully.
]]></system-out>
  </testcase>
  <testcase name="testLibrary_BorrowAndReturn_Process" classname="net.mooctest.LibraryTest" time="0.004">
    <system-out><![CDATA[Successfully added book:MongoDB
Successfully borrowed the book. Remaining copies:0
Lukesuccessfully borrowed MongoDB, due date:Fri Nov 14 00:37:33 CST 2025
Successfully returned the book. Currently available copies for borrowing:1
]]></system-out>
  </testcase>
  <testcase name="testVIPUser_ExtendBorrowPeriod_NoRecord_ShouldThrow" classname="net.mooctest.LibraryTest" time="0.0"/>
  <testcase name="testUser_DeductScore_BecomeFifty_ShouldNotFreeze" classname="net.mooctest.LibraryTest" time="0.001">
    <system-out><![CDATA[Credit score decreased by 5. Current credit score: 50
]]></system-out>
  </testcase>
  <testcase name="testRegularUser_BorrowBook_ReserveBranch_WithMockedAvailability" classname="net.mooctest.LibraryTest" time="0.0"/>
  <testcase name="testBorrowBook_WhenAccountFrozen_ShouldThrowAccountFrozenException" classname="net.mooctest.LibraryTest" time="0.0"/>
  <testcase name="testVIPUser_BorrowBook_LowCredit" classname="net.mooctest.LibraryTest" time="0.0"/>
  <testcase name="testRegularUser_ReturnBook_OverdueAndFreeze" classname="net.mooctest.LibraryTest" time="0.001">
    <system-out><![CDATA[Successfully borrowed the book. Remaining copies:0
lateBacksuccessfully borrowed B, due date:Fri Nov 14 00:37:33 CST 2025
Successfully returned the book. Currently available copies for borrowing:1
[DEBUG] Returned creditScore=73, status=ACTIVE
]]></system-out>
  </testcase>
  <testcase name="testRegularUser_ReturnBook_OverdueAndFrozen" classname="net.mooctest.LibraryTest" time="0.001">
    <system-out><![CDATA[Successfully borrowed the book. Remaining copies:1
lateUsersuccessfully borrowed B5, due date:Fri Nov 14 00:37:33 CST 2025
Successfully returned the book. Currently available copies for borrowing:2
]]></system-out>
  </testcase>
  <testcase name="testAutoRenewalService_RenewUnavailable_ShouldThrow" classname="net.mooctest.LibraryTest" time="0.001">
    <system-out><![CDATA[Successfully borrowed the book. Remaining copies:0
Stevesuccessfully borrowed TypeScript, due date:Fri Nov 14 00:37:33 CST 2025
Reservation added successfully.
]]></system-out>
  </testcase>
  <testcase name="testCustomException_Message" classname="net.mooctest.LibraryTest" time="0.0"/>
  <testcase name="testVIPUser_ReturnBook_OnTime_ShouldIncreaseCopiesAndCreditPlus3" classname="net.mooctest.LibraryTest" time="0.001">
    <system-out><![CDATA[Successfully returned the book. Currently available copies for borrowing:1
]]></system-out>
  </testcase>
  <testcase name="testLibrary_ProcessReservations_WithQueue_BorrowAndNotify" classname="net.mooctest.LibraryTest" time="0.001">
    <system-out><![CDATA[Reservation added successfully.
]]></system-out>
  </testcase>
  <testcase name="testReservation_WhenReserveTwice_ShouldThrow" classname="net.mooctest.LibraryTest" time="0.0">
    <system-out><![CDATA[Reservation added successfully.
]]></system-out>
  </testcase>
  <testcase name="testBook_ReturnBook_Success_Println" classname="net.mooctest.LibraryTest" time="0.0">
    <system-out><![CDATA[Successfully borrowed the book. Remaining copies:1
]]></system-out>
  </testcase>
  <testcase name="testUser_AddScore_Log" classname="net.mooctest.LibraryTest" time="0.0"/>
  <testcase name="testBorrowRecord_CalculateFine_RareAndJournal" classname="net.mooctest.LibraryTest" time="0.0"/>
  <testcase name="testUser_ReceiveNotification_Logs" classname="net.mooctest.LibraryTest" time="0.0"/>
  <testcase name="testInventoryService_ReportDamaged_WithoutBorrowing_ShouldThrow" classname="net.mooctest.LibraryTest" time="0.0"/>
  <testcase name="testRegularUser_ReturnBook_OnTimeShouldAddCredit" classname="net.mooctest.LibraryTest" time="0.001">
    <system-out><![CDATA[Successfully borrowed the book. Remaining copies:1
ontimesuccessfully borrowed B6, due date:Fri Nov 14 00:37:33 CST 2025
Successfully returned the book. Currently available copies for borrowing:2
]]></system-out>
  </testcase>
  <testcase name="testVIPUser_BorrowBook_WhenBlacklisted_ShouldThrow" classname="net.mooctest.LibraryTest" time="0.0"/>
  <testcase name="testInventoryService_ReportLost_WithoutBorrowing_ShouldThrow" classname="net.mooctest.LibraryTest" time="0.0"/>
  <testcase name="testRegularUser_ReturnBook_Overdue_LogAndFine" classname="net.mooctest.LibraryTest" time="0.0"/>
  <testcase name="testLibrary_AutoRenew_Success_LogOnly" classname="net.mooctest.LibraryTest" time="0.001">
    <system-out><![CDATA[Successfully borrowed the book. Remaining copies:0
AR_SUCCsuccessfully borrowed AR_S, due date:Fri Nov 14 00:37:33 CST 2025
]]></system-out>
  </testcase>
  <testcase name="testBook_GetTitle_NotNull" classname="net.mooctest.LibraryTest" time="0.0"/>
  <testcase name="testVIPUser_ExtendBorrowPeriod_SuccessThenAlreadyRenewed" classname="net.mooctest.LibraryTest" time="0.0">
    <system-out><![CDATA[The borrowing period has been extended to:Sun Dec 07 00:37:33 CST 2025
]]></system-out>
  </testcase>
  <testcase name="testLibrary_AddBook_Exist_Success" classname="net.mooctest.LibraryTest" time="0.001">
    <system-out><![CDATA[Successfully added book:LibBook
This book already exists.
]]></system-out>
  </testcase>
  <testcase name="testLibrary_ReportLostBook_Success_SideEffects" classname="net.mooctest.LibraryTest" time="0.0"/>
  <testcase name="testRegularUser_BorrowBook_FinesOver50_FrozeAndException" classname="net.mooctest.LibraryTest" time="0.0"/>
  <testcase name="testVIPUser_BorrowBook_FinesEqual50_ShouldAllow" classname="net.mooctest.LibraryTest" time="0.001">
    <system-out><![CDATA[Successfully borrowed the book. Remaining copies:0
VIPB50 Successfully borrowed B50. Due date: Sun Nov 30 00:37:33 CST 2025
]]></system-out>
  </testcase>
  <testcase name="testPayFine_WhenAmountGreaterThanFines_ShouldThrow" classname="net.mooctest.LibraryTest" time="0.0"/>
  <testcase name="testLibrary_RepairUserCredit_Success_And_Fail" classname="net.mooctest.LibraryTest" time="0.001">
    <system-out><![CDATA[Credit repair failed: The minimum payment amount is 10 yuan.
Credit score increased by 10. Current credit score: 110
User credit repair is successful. Current credit score:110
]]></system-out>
  </testcase>
  <testcase name="testExternalLibraryAPI_RequestBook_Println" classname="net.mooctest.LibraryTest" time="0.0"/>
  <testcase name="testLibrary_AddBook_LogBranches" classname="net.mooctest.LibraryTest" time="0.0"/>
  <testcase name="testVIPUser_CalculateDueDate_ShouldMatchBorrowPlusPeriod" classname="net.mooctest.LibraryTest" time="0.0"/>
  <testcase name="testBorrowRecord_WhenOverdueOrNot_ShouldJudgeCorrectly" classname="net.mooctest.LibraryTest" time="0.0"/>
  <testcase name="testExternalLibraryAPI_RequestBook_LogBranch" classname="net.mooctest.LibraryTest" time="0.001">
    <system-out><![CDATA[Request successful: Borrow books from the external library. [BookTest]，User ID:Utest
]]></system-out>
  </testcase>
  <testcase name="testLibrary_ReportDamagedBook_Success_SideEffects" classname="net.mooctest.LibraryTest" time="0.001"/>
  <testcase name="testLibrary_ProcessReservations_BorrowThrows" classname="net.mooctest.LibraryTest" time="0.001">
    <system-out><![CDATA[Reservation added successfully.
]]></system-out>
  </testcase>
  <testcase name="testBook_RemoveReservation_Existing" classname="net.mooctest.LibraryTest" time="0.0">
    <system-out><![CDATA[Reservation added successfully.
Reservation cancelled successfully.
]]></system-out>
  </testcase>
  <testcase name="testNotificationService_EmailFail_SmsSuccess_Log" classname="net.mooctest.LibraryTest" time="0.0"/>
  <testcase name="testRegularUser_FindBorrowRecord_NotFoundAndNull" classname="net.mooctest.LibraryTest" time="0.0"/>
  <testcase name="testPayFine_WhenUserBlacklisted_ShouldThrow" classname="net.mooctest.LibraryTest" time="0.0"/>
  <testcase name="testLibrary_ProcessReservations_ShouldSendEmailNotification" classname="net.mooctest.LibraryTest" time="0.0">
    <system-out><![CDATA[Reservation added successfully.
]]></system-out>
  </testcase>
  <testcase name="testRegularUser_BorrowBook_InventoryEmpty_ReserveBranch" classname="net.mooctest.LibraryTest" time="0.002">
    <system-out><![CDATA[There are no available copies.
]]></system-out>
  </testcase>
  <testcase name="testAutoRenewalService_CreditBoundary60_ShouldAllow" classname="net.mooctest.LibraryTest" time="0.001">
    <system-out><![CDATA[Successfully borrowed the book. Remaining copies:0
AR_B60successfully borrowed AR_B, due date:Fri Nov 14 00:37:33 CST 2025
The borrowing period has been extended to:Fri Nov 28 00:37:33 CST 2025
]]></system-out>
  </testcase>
  <testcase name="testCreditRepairService_Repair" classname="net.mooctest.LibraryTest" time="0.0">
    <system-out><![CDATA[Credit score increased by 10. Current credit score: 50
]]></system-out>
  </testcase>
  <testcase name="testLibrary_AutoRenewBook_BothBranches" classname="net.mooctest.LibraryTest" time="0.0">
    <system-out><![CDATA[Successfully borrowed the book. Remaining copies:0
AUUsuccessfully borrowed AutoR, due date:Fri Nov 14 00:37:33 CST 2025
]]></system-out>
  </testcase>
  <testcase name="testRegularUser_BorrowBook_FinesExactly50_AllowBorrow" classname="net.mooctest.LibraryTest" time="0.0">
    <system-out><![CDATA[Successfully borrowed the book. Remaining copies:1
reg50successfully borrowed B1, due date:Fri Nov 14 00:37:33 CST 2025
]]></system-out>
  </testcase>
  <testcase name="testReceiveNotification_WhenBlacklistedUser_NoNotify" classname="net.mooctest.LibraryTest" time="0.001">
    <system-out><![CDATA[Blacklisted users cannot receive notifications.
]]></system-out>
  </testcase>
  <testcase name="testVIPUser_ReturnBook_FinesBoundary" classname="net.mooctest.LibraryTest" time="0.0">
    <system-out><![CDATA[Successfully returned the book. Currently available copies for borrowing:1
Successfully returned the book. Currently available copies for borrowing:1
]]></system-out>
  </testcase>
  <testcase name="testCreditRepairService_PaymentBoundaryAndAccountRestore" classname="net.mooctest.LibraryTest" time="0.001">
    <system-out><![CDATA[Credit score increased by 10. Current credit score: 70
]]></system-out>
  </testcase>
  <testcase name="testUser_ReserveBook_CreditEqual50_Available_ShouldSucceed" classname="net.mooctest.LibraryTest" time="0.001">
    <system-out><![CDATA[Reservation added successfully.
]]></system-out>
  </testcase>
  <testcase name="testPayFine_WhenFineBecomesZeroAndFrozen_ShouldRestoreAccount" classname="net.mooctest.LibraryTest" time="0.0">
    <system-out><![CDATA[Paid a fine of 10.0 yuan.
The fine has been cleared and the account status is restored.
]]></system-out>
  </testcase>
  <testcase name="testReserveBook_WhenCreditScoreBelowFifty_ShouldThrow" classname="net.mooctest.LibraryTest" time="0.0"/>
  <testcase name="testAddScore_WhenBlacklistedUser_ShouldThrow" classname="net.mooctest.LibraryTest" time="0.0"/>
  <testcase name="testBook_Borrow_Success_Println" classname="net.mooctest.LibraryTest" time="0.0"/>
  <testcase name="testUser_PayFine_RemainingFineElseBranch" classname="net.mooctest.LibraryTest" time="0.002">
    <system-out><![CDATA[Paid a fine of 10.0 yuan.
There is still a fine of 10.0 yuan to be paid.
]]></system-out>
  </testcase>
  <testcase name="testBorrowRecord_ExtendDueDateShouldChangeDueDate" classname="net.mooctest.LibraryTest" time="0.001">
    <system-out><![CDATA[The borrowing period has been extended to:Sat Nov 08 00:37:33 CST 2025
]]></system-out>
  </testcase>
  <testcase name="testAutoRenewalService_CreditBelow60_ShouldThrow" classname="net.mooctest.LibraryTest" time="0.001">
    <system-out><![CDATA[Successfully borrowed the book. Remaining copies:0
AR_LOWsuccessfully borrowed AR_L, due date:Fri Nov 14 00:37:33 CST 2025
]]></system-out>
  </testcase>
  <testcase name="testLibrary_AutoRenew_Fail_LogOnly" classname="net.mooctest.LibraryTest" time="0.002">
    <system-out><![CDATA[Successfully borrowed the book. Remaining copies:0
AR_FAILsuccessfully borrowed AR_F, due date:Fri Nov 14 00:37:33 CST 2025
Reservation added successfully.
]]></system-out>
  </testcase>
  <testcase name="testLibrary_RegisterUser_LowCredit_Duplicate_Success" classname="net.mooctest.LibraryTest" time="0.001">
    <system-out><![CDATA[Credit score is too low to register a user.
Successfully registered user:LUser
User already exists.
]]></system-out>
  </testcase>
  <testcase name="testNotificationService_EmailAndSmsFail_AppNotify_Log_NullPhone" classname="net.mooctest.LibraryTest" time="0.0"/>
  <testcase name="testUser_CancelReservation_Success_ShouldRemoveBoth" classname="net.mooctest.LibraryTest" time="0.002">
    <system-out><![CDATA[Reservation added successfully.
Reservation cancelled successfully.
]]></system-out>
  </testcase>
  <testcase name="testBook_ReportDamage_Sysout" classname="net.mooctest.LibraryTest" time="0.0"/>
  <testcase name="testUser_PayFine_Logs_Remaining" classname="net.mooctest.LibraryTest" time="0.0"/>
  <testcase name="testRegularUser_ReturnBook_Overdue_Deduct5_And_FreezeWhenBelow50" classname="net.mooctest.LibraryTest" time="0.0">
    <system-out><![CDATA[Successfully returned the book. Currently available copies for borrowing:1
Return the book11days overdue and calculate the fine.
]]></system-out>
  </testcase>
  <testcase name="testUser_PayFine_Logs_ClearedAndRestore" classname="net.mooctest.LibraryTest" time="0.0"/>
  <testcase name="testDeductScore_WhenNegativeAndBoundary" classname="net.mooctest.LibraryTest" time="0.0">
    <system-out><![CDATA[The credit score is too low. The account has been frozen.
Credit score decreased by 30. Current credit score: 30
The credit score is too low. The account has been frozen.
Credit score decreased by 40. Current credit score: 0
]]></system-out>
  </testcase>
  <testcase name="testPayFine_WhenNegativeAndBoundary" classname="net.mooctest.LibraryTest" time="0.001">
    <system-out><![CDATA[Paid a fine of -2.0 yuan.
]]></system-out>
  </testcase>
  <testcase name="testRegularUser_BorrowBook_CreditScoreBoundary" classname="net.mooctest.LibraryTest" time="0.0">
    <system-out><![CDATA[Successfully borrowed the book. Remaining copies:1
credEdgesuccessfully borrowed B44, due date:Fri Nov 14 00:37:33 CST 2025
]]></system-out>
  </testcase>
  <testcase name="testBook_IsAvailable_WhenDamagedShouldReturnFalse" classname="net.mooctest.LibraryTest" time="0.001">
    <system-out><![CDATA[The book is damaged and cannot be borrowed.
]]></system-out>
  </testcase>
  <testcase name="testUser_ReserveBook_Unavailable_Log" classname="net.mooctest.LibraryTest" time="0.0"/>
  <testcase name="testNotificationService_Blacklisted_ShouldOnlyLogAndReturn" classname="net.mooctest.LibraryTest" time="0.0"/>
  <testcase name="testLibrary_AutoRenew_Success_And_Fail" classname="net.mooctest.LibraryTest" time="0.001">
    <system-out><![CDATA[Successfully borrowed the book. Remaining copies:0
Autosuccessfully borrowed AR, due date:Fri Nov 14 00:37:33 CST 2025
The borrowing period has been extended to:Fri Nov 28 00:37:33 CST 2025
Successfully automatically renewed book:AR
Reservation added successfully.
Automatic renewal failed:The book has been reserved by other users and cannot be renewed.
]]></system-out>
  </testcase>
  <testcase name="testUser_ReceiveNotification_Normal" classname="net.mooctest.LibraryTest" time="0.0">
    <system-out><![CDATA[Notify user [Notify]: hello
]]></system-out>
  </testcase>
  <testcase name="testBaseUser_FindBorrowRecord_PositiveAndNull" classname="net.mooctest.LibraryTest" time="0.0"/>
  <testcase name="testVIPUser_BorrowBook_ReachLimit" classname="net.mooctest.LibraryTest" time="0.001">
    <system-out><![CDATA[Successfully borrowed the book. Remaining copies:1
VIPMAX Successfully borrowed B0. Due date: Sun Nov 30 00:37:33 CST 2025
Successfully borrowed the book. Remaining copies:1
VIPMAX Successfully borrowed B1. Due date: Sun Nov 30 00:37:33 CST 2025
Successfully borrowed the book. Remaining copies:1
VIPMAX Successfully borrowed B2. Due date: Sun Nov 30 00:37:33 CST 2025
Successfully borrowed the book. Remaining copies:1
VIPMAX Successfully borrowed B3. Due date: Sun Nov 30 00:37:33 CST 2025
Successfully borrowed the book. Remaining copies:1
VIPMAX Successfully borrowed B4. Due date: Sun Nov 30 00:37:33 CST 2025
Successfully borrowed the book. Remaining copies:1
VIPMAX Successfully borrowed B5. Due date: Sun Nov 30 00:37:33 CST 2025
Successfully borrowed the book. Remaining copies:1
VIPMAX Successfully borrowed B6. Due date: Sun Nov 30 00:37:33 CST 2025
Successfully borrowed the book. Remaining copies:1
VIPMAX Successfully borrowed B7. Due date: Sun Nov 30 00:37:33 CST 2025
Successfully borrowed the book. Remaining copies:1
VIPMAX Successfully borrowed B8. Due date: Sun Nov 30 00:37:33 CST 2025
Successfully borrowed the book. Remaining copies:1
VIPMAX Successfully borrowed B9. Due date: Sun Nov 30 00:37:33 CST 2025
]]></system-out>
  </testcase>
  <testcase name="testLibrary_ProcessReservations_EmptyQueue" classname="net.mooctest.LibraryTest" time="0.0"/>
  <testcase name="testGetEmail_GetPhoneNumber_KillNull" classname="net.mooctest.LibraryTest" time="0.0"/>
  <testcase name="testSearchBook_WhenExistOrNot_ShouldReturnCorrectly" classname="net.mooctest.LibraryTest" time="0.001">
    <system-out><![CDATA[Successfully added book:Go
]]></system-out>
  </testcase>
  <testcase name="testUser_ReserveBook_Frozen_ShouldThrow" classname="net.mooctest.LibraryTest" time="0.0"/>
  <testcase name="testBaseUser_ReceiveNotification_BlkAndNormal" classname="net.mooctest.LibraryTest" time="0.001">
    <system-out><![CDATA[Blacklisted users cannot receive notifications.
Notify user [U]: m
]]></system-out>
  </testcase>
  <testcase name="testBorrowRecord_CalculateFine_BlacklistedFineDouble" classname="net.mooctest.LibraryTest" time="0.001">
    <system-out><![CDATA[The user has been blacklisted and the fine is doubled.
The user has been blacklisted and the fine is doubled.
]]></system-out>
  </testcase>
  <testcase name="testNotificationService_EmailFail_SmsSuccess" classname="net.mooctest.LibraryTest" time="0.001">
    <system-out><![CDATA[Email sending failed. Try sending a text message...
Successfully sent text message to.13800000000: msg
]]></system-out>
  </testcase>
  <testcase name="testNotificationService_EmailSuccess_Log" classname="net.mooctest.LibraryTest" time="0.0"/>
  <testcase name="testVIPUser_ReturnBook_OverdueFineDeduct" classname="net.mooctest.LibraryTest" time="0.002">
    <system-out><![CDATA[Successfully borrowed the book. Remaining copies:0
VIPR Successfully borrowed B2. Due date: Sun Nov 30 00:37:33 CST 2025
Successfully returned the book. Currently available copies for borrowing:1
[DEBUG] VIP returned, creditScore=57, status=ACTIVE
]]></system-out>
  </testcase>
  <testcase name="testRegularUser_BorrowBook_TryRare" classname="net.mooctest.LibraryTest" time="0.0"/>
  <testcase name="testLibrary_RegisterUser_CreditBoundary50_ShouldRegister" classname="net.mooctest.LibraryTest" time="0.0"/>
  <testcase name="testRegularUser_BorrowBook_CreditLow" classname="net.mooctest.LibraryTest" time="0.0"/>
  <testcase name="testLibrary_RepairUserCredit_LogBranches" classname="net.mooctest.LibraryTest" time="0.0"/>
  <testcase name="testBook_IsAvailable_InRepair_Println" classname="net.mooctest.LibraryTest" time="0.0"/>
  <testcase name="testLibrary_ProcessReservations_BookUnavailable_ReturnEarly" classname="net.mooctest.LibraryTest" time="0.0"/>
  <testcase name="testExternalLibraryAPI_CheckAvailability_MultiCalls_WithPrintln" classname="net.mooctest.LibraryTest" time="0.0"/>
  <testcase name="testBook_IsAvailable_Damaged_Println" classname="net.mooctest.LibraryTest" time="0.0"/>
  <testcase name="testInventoryService_ReportLost_Positive_ShouldUpdateInventoryAndCharge" classname="net.mooctest.LibraryTest" time="0.0"/>
  <testcase name="testBorrowBook_WhenCreditLow_ShouldThrowInsufficientCreditException" classname="net.mooctest.LibraryTest" time="0.0"/>
  <testcase name="testBook_IsAvailable_WhenInRepairShouldReturnFalse" classname="net.mooctest.LibraryTest" time="0.0">
    <system-out><![CDATA[The book is under repair and temporarily unavailable.
]]></system-out>
  </testcase>
  <testcase name="testExternalLibraryAPI_CheckAvailability_BothOutcomes" classname="net.mooctest.LibraryTest" time="0.001">
    <system-out><![CDATA[Check the availability of books in the external library system...
Check the availability of books in the external library system...
]]></system-out>
  </testcase>
  <testcase name="testLibrary_RegisterUser_LogBranches" classname="net.mooctest.LibraryTest" time="0.0"/>
  <testcase name="testBorrowBook_WhenRegularUserVsVipUser_TypeLimitations" classname="net.mooctest.LibraryTest" time="0.001">
    <system-out><![CDATA[Successfully borrowed the book. Remaining copies:0
Grace Successfully borrowed RareBook. Due date: Sun Nov 30 00:37:33 CST 2025
]]></system-out>
  </testcase>
  <testcase name="testNotificationService_WhenEmailAndSmsInvalid_ShouldThrow" classname="net.mooctest.LibraryTest" time="0.001">
    <system-out><![CDATA[Email sending failed. Try sending a text message...
Text message sending failed. Try using in-app notifications...
Send an in-app notification to the user. [Quinn]: Test message
]]></system-out>
  </testcase>
  <testcase name="testReservation_DelayedReturn_LowersPriority" classname="net.mooctest.LibraryTest" time="0.0">
    <system-out><![CDATA[Delayed return records will lower the reservation priority.
]]></system-out>
  </testcase>
  <testcase name="testReturnBook_WhenOverdue_ShouldThrowOverdueFineException" classname="net.mooctest.LibraryTest" time="0.0">
    <system-out><![CDATA[Successfully borrowed the book. Remaining copies:0
Marysuccessfully borrowed Docker, due date:Fri Nov 14 00:37:33 CST 2025
Successfully returned the book. Currently available copies for borrowing:1
]]></system-out>
  </testcase>
  <testcase name="testAutoRenewalService_Success_ExactPlus14Days" classname="net.mooctest.LibraryTest" time="0.001">
    <system-out><![CDATA[Successfully borrowed the book. Remaining copies:0
AR_EXACTsuccessfully borrowed ARX_B, due date:Fri Nov 14 00:37:33 CST 2025
The borrowing period has been extended to:Fri Nov 28 00:37:33 CST 2025
]]></system-out>
  </testcase>
  <testcase name="testBorrowBook_WhenBookOutOfStock_ShouldThrowBookNotAvailableException" classname="net.mooctest.LibraryTest" time="0.0">
    <system-out><![CDATA[There are no available copies.
]]></system-out>
  </testcase>
  <testcase name="testExternalLibraryAPI_CheckAvailability_Random" classname="net.mooctest.LibraryTest" time="0.0">
    <system-out><![CDATA[Check the availability of books in the external library system...
]]></system-out>
  </testcase>
  <testcase name="testReservation_Blacklisted_ReturnsMinusOne" classname="net.mooctest.LibraryTest" time="0.0">
    <system-out><![CDATA[Blacklisted users cannot reserve books.
]]></system-out>
  </testcase>
  <testcase name="testRegularUser_ReturnBook_FinesExceed100_ShouldFreezeAndThrow" classname="net.mooctest.LibraryTest" time="0.0">
    <system-out><![CDATA[Successfully returned the book. Currently available copies for borrowing:1
Return the book16days overdue and calculate the fine.
]]></system-out>
  </testcase>
  <testcase name="testExternalLibraryAPI_CheckAvailability_Println" classname="net.mooctest.LibraryTest" time="0.0"/>
  <testcase name="testBook_ReportDamage_Twice" classname="net.mooctest.LibraryTest" time="0.001">
    <system-out><![CDATA[Report book damage.
This book is damaged. No need to report it again.
]]></system-out>
  </testcase>
  <testcase name="testVIPUser_BorrowBook_CreditEqual50_ShouldAllow" classname="net.mooctest.LibraryTest" time="0.001">
    <system-out><![CDATA[Successfully borrowed the book. Remaining copies:0
VIPC50 Successfully borrowed C50. Due date: Sun Nov 30 00:37:33 CST 2025
]]></system-out>
  </testcase>
  <testcase name="testBorrowRecord_CalculateFine_DamagedBook" classname="net.mooctest.LibraryTest" time="0.0">
    <system-out><![CDATA[The book is damaged. An additional fine of 50 yuan is imposed.
The book is damaged. An additional fine of 50 yuan is imposed.
]]></system-out>
  </testcase>
  <testcase name="testBorrowBook_WhenExceedLimit_ShouldThrowInvalidOperationException" classname="net.mooctest.LibraryTest" time="0.001">
    <system-out><![CDATA[Successfully borrowed the book. Remaining copies:1
Jacksuccessfully borrowed Book0, due date:Fri Nov 14 00:37:33 CST 2025
Successfully borrowed the book. Remaining copies:1
Jacksuccessfully borrowed Book1, due date:Fri Nov 14 00:37:33 CST 2025
Successfully borrowed the book. Remaining copies:1
Jacksuccessfully borrowed Book2, due date:Fri Nov 14 00:37:33 CST 2025
Successfully borrowed the book. Remaining copies:1
Jacksuccessfully borrowed Book3, due date:Fri Nov 14 00:37:33 CST 2025
Successfully borrowed the book. Remaining copies:1
Jacksuccessfully borrowed Book4, due date:Fri Nov 14 00:37:33 CST 2025
]]></system-out>
  </testcase>
  <testcase name="testVIPUser_BorrowBook_FineFreezeOverdue" classname="net.mooctest.LibraryTest" time="0.0"/>
  <testcase name="testBook_Return_WhenAllCopiesInLibrary_ShouldThrow" classname="net.mooctest.LibraryTest" time="0.0"/>
  <testcase name="testBook_ReportRepair_Sysout" classname="net.mooctest.LibraryTest" time="0.0"/>
  <testcase name="testReserveBook_WhenBookUnavailable_AddToQueue" classname="net.mooctest.LibraryTest" time="0.0">
    <system-out><![CDATA[There are no available copies.
The book is unavailable and has been added to the reservation queue.
Reservation added successfully.
]]></system-out>
  </testcase>
  <testcase name="testLibrary_ReportLostAndDamaged_FailBranches" classname="net.mooctest.LibraryTest" time="0.0"/>
  <testcase name="testVIPUser_BorrowBook_ShouldIncreaseCreditBy2" classname="net.mooctest.LibraryTest" time="0.0">
    <system-out><![CDATA[Successfully borrowed the book. Remaining copies:0
VIPAdd Successfully borrowed Add. Due date: Sun Nov 30 00:37:33 CST 2025
]]></system-out>
  </testcase>
  <testcase name="testAutoRenewal_WhenEligible_ShouldSucceed" classname="net.mooctest.LibraryTest" time="0.001">
    <system-out><![CDATA[Successfully borrowed the book. Remaining copies:1
Evesuccessfully borrowed Scala, due date:Fri Nov 14 00:37:33 CST 2025
The borrowing period has been extended to:Fri Nov 28 00:37:33 CST 2025
]]></system-out>
  </testcase>
  <testcase name="testVIPUser_FindBorrowRecord_NotFound" classname="net.mooctest.LibraryTest" time="0.0"/>
  <testcase name="testRegularUser_BorrowBook_WhenBlacklisted_ShouldThrow" classname="net.mooctest.LibraryTest" time="0.0"/>
  <testcase name="testVIPUser_ReturnBook_NotBorrowed_ShouldThrow" classname="net.mooctest.LibraryTest" time="0.0"/>
  <testcase name="testBook_RemoveReservation_NotInQueue_ShouldLog" classname="net.mooctest.LibraryTest" time="0.001">
    <system-out><![CDATA[This reservation is not in the reservation queue.
]]></system-out>
  </testcase>
  <testcase name="testBook_ReportRepair_Twice" classname="net.mooctest.LibraryTest" time="0.0">
    <system-out><![CDATA[Report book repair.
The book is already under repair.
]]></system-out>
  </testcase>
  <testcase name="testRegularUser_BorrowBook_ShouldIncreaseCreditBy1" classname="net.mooctest.LibraryTest" time="0.001">
    <system-out><![CDATA[Successfully borrowed the book. Remaining copies:0
RU_ADD1successfully borrowed NB, due date:Fri Nov 14 00:37:33 CST 2025
]]></system-out>
  </testcase>
</testsuite>