<?xml version="1.0" encoding="UTF-8" ?>
<testsuite tests="185" failures="0" name="net.mooctest.LibraryTest" time="0.266" errors="0" skipped="0">
  <properties>
[...]
</properties>
  <testcase classname="net.mooctest.LibraryTest" name="testReservation_VIPPriority_Bonus" time="0.082"/>
  <testcase classname="net.mooctest.LibraryTest" name="testBorrowBook_WhenBookAvailable_ShouldSucceed" time="0.018"/>
  <testcase classname="net.mooctest.LibraryTest" name="testBook_IsAvailable_NoCopies_Println" time="0.005"/>
  <testcase classname="net.mooctest.LibraryTest" name="testReservation_VIPWithDelayedReturn_PriorityCalculation" time="0"/>
  <testcase classname="net.mooctest.LibraryTest" name="testVIPUser_ReturnBook_Overdue_ShouldSetReturnDateAndFinesIncreaseAndCreditMinus3" time="0.011"/>
  <testcase classname="net.mooctest.LibraryTest" name="testRegularUser_BorrowBook_InventoryInsufficient_Reserved" time="0"/>
  <testcase classname="net.mooctest.LibraryTest" name="testAutoRenewalService_CreditScoreExactly60_ShouldAllow" time="0.002"/>
  <testcase classname="net.mooctest.LibraryTest" name="testBook_AddReservation_Sysout" time="0"/>
  <testcase classname="net.mooctest.LibraryTest" name="testRegularUser_ReturnBook_OverdueDaysCalculation_Exact" time="0"/>
  <testcase classname="net.mooctest.LibraryTest" name="testCreditRepair_WhenVipCreditLow_ShouldRestore" time="0.002"/>
  <testcase classname="net.mooctest.LibraryTest" name="testCancelReservation_WhenBookNotReserved_ShouldThrow" time="0.001"/>
  <testcase classname="net.mooctest.LibraryTest" name="testCreditRepairService_PaymentJustBelow10_ShouldThrow" time="0"/>
  <testcase classname="net.mooctest.LibraryTest" name="testInventoryService_ReportDamaged_Positive_ShouldSetRepairAndCharge" time="0.012"/>
  <testcase classname="net.mooctest.LibraryTest" name="testUser_DeductScore_Logs_FreezeAndDecrease" time="0"/>
  <testcase classname="net.mooctest.LibraryTest" name="testRegularUser_BorrowBook_FineFreezeBranch" time="0"/>
  <testcase classname="net.mooctest.LibraryTest" name="testRegularUser_CalculateDueDate_ShouldBeBorrowPlus14Days" time="0"/>
  <testcase classname="net.mooctest.LibraryTest" name="testNotificationService_EmailSuccess" time="0.003"/>
  <testcase classname="net.mooctest.LibraryTest" name="testBook_RemoveReservation_Sysout" time="0"/>
  <testcase classname="net.mooctest.LibraryTest" name="testBorrowRecord_ExtendDueDate_ShouldPrintNewDueDate" time="0.001"/>
  <testcase classname="net.mooctest.LibraryTest" name="testLibrary_BorrowAndReturn_Process" time="0.003"/>
  <testcase classname="net.mooctest.LibraryTest" name="testAutoRenewalService_CreditScoreBelow60_ShouldThrow" time="0"/>
  <testcase classname="net.mooctest.LibraryTest" name="testVIPUser_ExtendBorrowPeriod_NoRecord_ShouldThrow" time="0"/>
  <testcase classname="net.mooctest.LibraryTest" name="testUser_DeductScore_BecomeFifty_ShouldNotFreeze" time="0.002"/>
  <testcase classname="net.mooctest.LibraryTest" name="testRegularUser_BorrowBook_ReserveBranch_WithMockedAvailability" time="0"/>
  <testcase classname="net.mooctest.LibraryTest" name="testRegularUser_ReturnBook_Exactly15Days_ShouldBeOverdue" time="0.005"/>
  <testcase classname="net.mooctest.LibraryTest" name="testBorrowBook_WhenAccountFrozen_ShouldThrowAccountFrozenException" time="0"/>
  <testcase classname="net.mooctest.LibraryTest" name="testVIPUser_BorrowBook_LowCredit" time="0"/>
  <testcase classname="net.mooctest.LibraryTest" name="testRegularUser_ReturnBook_OverdueAndFreeze" time="0.002"/>
  <testcase classname="net.mooctest.LibraryTest" name="testRegularUser_ReturnBook_OverdueAndFrozen" time="0.001"/>
  <testcase classname="net.mooctest.LibraryTest" name="testReservation_MultipleDelayedReturns_CumulativePenalty" time="0"/>
  <testcase classname="net.mooctest.LibraryTest" name="testAutoRenewalService_RenewUnavailable_ShouldThrow" time="0"/>
  <testcase classname="net.mooctest.LibraryTest" name="testReservation_GetUser_ReturnsCorrectUser" time="0"/>
  <testcase classname="net.mooctest.LibraryTest" name="testCustomException_Message" time="0.002"/>
  <testcase classname="net.mooctest.LibraryTest" name="testVIPUser_ReturnBook_OnTime_ShouldIncreaseCopiesAndCreditPlus3" time="0"/>
  <testcase classname="net.mooctest.LibraryTest" name="testLibrary_ProcessReservations_WithQueue_BorrowAndNotify" time="0"/>
  <testcase classname="net.mooctest.LibraryTest" name="testRegularUser_ReturnBook_Fines101_ShouldFreezeAndThrow" time="0"/>
  <testcase classname="net.mooctest.LibraryTest" name="testReservation_WhenReserveTwice_ShouldThrow" time="0"/>
  <testcase classname="net.mooctest.LibraryTest" name="testBook_ReturnBook_Success_Println" time="0.001"/>
  <testcase classname="net.mooctest.LibraryTest" name="testUser_AddScore_Log" time="0.001"/>
  <testcase classname="net.mooctest.LibraryTest" name="testBorrowRecord_CalculateFine_RareAndJournal" time="0"/>
  <testcase classname="net.mooctest.LibraryTest" name="testUser_ReceiveNotification_Logs" time="0"/>
  <testcase classname="net.mooctest.LibraryTest" name="testInventoryService_ReportDamaged_WithoutBorrowing_ShouldThrow" time="0"/>
  <testcase classname="net.mooctest.LibraryTest" name="testRegularUser_ReturnBook_OnTimeShouldAddCredit" time="0"/>
  <testcase classname="net.mooctest.LibraryTest" name="testVIPUser_BorrowBook_WhenBlacklisted_ShouldThrow" time="0"/>
  <testcase classname="net.mooctest.LibraryTest" name="testInventoryService_ReportLost_WithoutBorrowing_ShouldThrow" time="0"/>
  <testcase classname="net.mooctest.LibraryTest" name="testRegularUser_ReturnBook_Overdue_LogAndFine" time="0"/>
  <testcase classname="net.mooctest.LibraryTest" name="testLibrary_AutoRenew_Success_LogOnly" time="0"/>
  <testcase classname="net.mooctest.LibraryTest" name="testBorrowRecord_BlacklistedUserWithDamagedRareBook_MaximumFine" time="0.008"/>
  <testcase classname="net.mooctest.LibraryTest" name="testBook_GetTitle_NotNull" time="0"/>
  <testcase classname="net.mooctest.LibraryTest" name="testVIPUser_ExtendBorrowPeriod_SuccessThenAlreadyRenewed" time="0"/>
  <testcase classname="net.mooctest.LibraryTest" name="testLibrary_AddBook_Exist_Success" time="0"/>
  <testcase classname="net.mooctest.LibraryTest" name="testLibrary_ReportDamagedBook_ExceptionHandling_ShouldPrintError" time="0.001"/>
  <testcase classname="net.mooctest.LibraryTest" name="testUser_DeductScore_AlreadyZero_ShouldNotChange" time="0"/>
  <testcase classname="net.mooctest.LibraryTest" name="testLibrary_ReportLostBook_Success_SideEffects" time="0.002"/>
  <testcase classname="net.mooctest.LibraryTest" name="testLibrary_ReportLostBook_ExceptionHandling_ShouldPrintError" time="0.001"/>
  <testcase classname="net.mooctest.LibraryTest" name="testRegularUser_ReturnBook_CreditScoreBelow50_ShouldFreeze" time="0"/>
  <testcase classname="net.mooctest.LibraryTest" name="testRegularUser_BorrowBook_FinesOver50_FrozeAndException" time="0"/>
  <testcase classname="net.mooctest.LibraryTest" name="testVIPUser_BorrowBook_FinesEqual50_ShouldAllow" time="0"/>
  <testcase classname="net.mooctest.LibraryTest" name="testPayFine_WhenAmountGreaterThanFines_ShouldThrow" time="0"/>
  <testcase classname="net.mooctest.LibraryTest" name="testLibrary_RepairUserCredit_Success_And_Fail" time="0"/>
  <testcase classname="net.mooctest.LibraryTest" name="testExternalLibraryAPI_RequestBook_Println" time="0.001"/>
  <testcase classname="net.mooctest.LibraryTest" name="testLibrary_AddBook_LogBranches" time="0.001"/>
  <testcase classname="net.mooctest.LibraryTest" name="testRegularUser_ReturnBook_BorrowDurationCalculation_ExactDays" time="0"/>
  <testcase classname="net.mooctest.LibraryTest" name="testVIPUser_CalculateDueDate_ShouldMatchBorrowPlusPeriod" time="0"/>
  <testcase classname="net.mooctest.LibraryTest" name="testBorrowRecord_WhenOverdueOrNot_ShouldJudgeCorrectly" time="0.009"/>
  <testcase classname="net.mooctest.LibraryTest" name="testExternalLibraryAPI_RequestBook_LogBranch" time="0"/>
  <testcase classname="net.mooctest.LibraryTest" name="testLibrary_ReportDamagedBook_Success_SideEffects" time="0"/>
  <testcase classname="net.mooctest.LibraryTest" name="testLibrary_ProcessReservations_BorrowThrows" time="0"/>
  <testcase classname="net.mooctest.LibraryTest" name="testBook_RemoveReservation_Existing" time="0"/>
  <testcase classname="net.mooctest.LibraryTest" name="testRegularUser_ReturnBook_BorrowDurationFormula_MultipleScenarios" time="0"/>
  <testcase classname="net.mooctest.LibraryTest" name="testNotificationService_EmailFail_SmsSuccess_Log" time="0"/>
  <testcase classname="net.mooctest.LibraryTest" name="testRegularUser_FindBorrowRecord_NotFoundAndNull" time="0"/>
  <testcase classname="net.mooctest.LibraryTest" name="testPayFine_WhenUserBlacklisted_ShouldThrow" time="0"/>
  <testcase classname="net.mooctest.LibraryTest" name="testLibrary_ProcessReservations_ShouldSendEmailNotification" time="0"/>
  <testcase classname="net.mooctest.LibraryTest" name="testVIPUser_BorrowBook_Success_ShouldPrintSuccessMessage" time="0.001"/>
  <testcase classname="net.mooctest.LibraryTest" name="testRegularUser_BorrowBook_InventoryEmpty_ReserveBranch" time="0"/>
  <testcase classname="net.mooctest.LibraryTest" name="testReservation_VIPUser_ShouldPrintPriorityEnhanced" time="0"/>
  <testcase classname="net.mooctest.LibraryTest" name="testAutoRenewalService_CreditBoundary60_ShouldAllow" time="0"/>
  <testcase classname="net.mooctest.LibraryTest" name="testCreditRepairService_Repair" time="0"/>
  <testcase classname="net.mooctest.LibraryTest" name="testLibrary_AutoRenewBook_BothBranches" time="0.002"/>
  <testcase classname="net.mooctest.LibraryTest" name="testRegularUser_ReturnBook_FinesExactly100_ShouldNotFreeze" time="0"/>
  <testcase classname="net.mooctest.LibraryTest" name="testRegularUser_BorrowBook_FinesExactly50_AllowBorrow" time="0.006"/>
  <testcase classname="net.mooctest.LibraryTest" name="testReceiveNotification_WhenBlacklistedUser_NoNotify" time="0"/>
  <testcase classname="net.mooctest.LibraryTest" name="testVIPUser_ReturnBook_FinesBoundary" time="0.001"/>
  <testcase classname="net.mooctest.LibraryTest" name="testCreditRepairService_PaymentBoundaryAndAccountRestore" time="0.001"/>
  <testcase classname="net.mooctest.LibraryTest" name="testUser_ReserveBook_CreditEqual50_Available_ShouldSucceed" time="0"/>
  <testcase classname="net.mooctest.LibraryTest" name="testPayFine_WhenFineBecomesZeroAndFrozen_ShouldRestoreAccount" time="0.004"/>
  <testcase classname="net.mooctest.LibraryTest" name="testInventoryService_ReportDamaged_ShouldSetBookInRepair" time="0"/>
  <testcase classname="net.mooctest.LibraryTest" name="testReserveBook_WhenCreditScoreBelowFifty_ShouldThrow" time="0.001"/>
  <testcase classname="net.mooctest.LibraryTest" name="testBorrowRecord_DamagedBook_ShouldPrintAdditionalFine" time="0"/>
  <testcase classname="net.mooctest.LibraryTest" name="testAddScore_WhenBlacklistedUser_ShouldThrow" time="0.001"/>
  <testcase classname="net.mooctest.LibraryTest" name="testBook_Borrow_Success_Println" time="0"/>
  <testcase classname="net.mooctest.LibraryTest" name="testUser_PayFine_RemainingFineElseBranch" time="0"/>
  <testcase classname="net.mooctest.LibraryTest" name="testCreditRepairService_PaymentExactly10_ShouldSucceed" time="0.001"/>
  <testcase classname="net.mooctest.LibraryTest" name="testReservation_RegularUserNoDelay_NormalPriority" time="0"/>
  <testcase classname="net.mooctest.LibraryTest" name="testBorrowRecord_ExtendDueDateShouldChangeDueDate" time="0"/>
  <testcase classname="net.mooctest.LibraryTest" name="testAutoRenewalService_BoundaryConditions_Comprehensive" time="0"/>
  <testcase classname="net.mooctest.LibraryTest" name="testAutoRenewalService_CreditBelow60_ShouldThrow" time="0"/>
  <testcase classname="net.mooctest.LibraryTest" name="testLibrary_AutoRenew_Fail_LogOnly" time="0.003"/>
  <testcase classname="net.mooctest.LibraryTest" name="testLibrary_RegisterUser_LowCredit_Duplicate_Success" time="0"/>
  <testcase classname="net.mooctest.LibraryTest" name="testNotificationService_EmailAndSmsFail_AppNotify_Log_NullPhone" time="0"/>
  <testcase classname="net.mooctest.LibraryTest" name="testUser_CancelReservation_Success_ShouldRemoveBoth" time="0"/>
  <testcase classname="net.mooctest.LibraryTest" name="testCreditRepairService_CreditScoreExactly60_ShouldRestoreActive" time="0"/>
  <testcase classname="net.mooctest.LibraryTest" name="testBook_ReportDamage_Sysout" time="0"/>
  <testcase classname="net.mooctest.LibraryTest" name="testUser_PayFine_Logs_Remaining" time="0"/>
  <testcase classname="net.mooctest.LibraryTest" name="testRegularUser_ReturnBook_Overdue_Deduct5_And_FreezeWhenBelow50" time="0"/>
  <testcase classname="net.mooctest.LibraryTest" name="testUser_PayFine_Logs_ClearedAndRestore" time="0"/>
  <testcase classname="net.mooctest.LibraryTest" name="testDeductScore_WhenNegativeAndBoundary" time="0"/>
  <testcase classname="net.mooctest.LibraryTest" name="testCreditRepairService_MultiplePayments_CumulativeScore" time="0"/>
  <testcase classname="net.mooctest.LibraryTest" name="testPayFine_WhenNegativeAndBoundary" time="0.001"/>
  <testcase classname="net.mooctest.LibraryTest" name="testRegularUser_BorrowBook_CreditScoreBoundary" time="0"/>
  <testcase classname="net.mooctest.LibraryTest" name="testBook_IsAvailable_WhenDamagedShouldReturnFalse" time="0"/>
  <testcase classname="net.mooctest.LibraryTest" name="testUser_ReserveBook_Unavailable_Log" time="0"/>
  <testcase classname="net.mooctest.LibraryTest" name="testNotificationService_Blacklisted_ShouldOnlyLogAndReturn" time="0"/>
  <testcase classname="net.mooctest.LibraryTest" name="testLibrary_AutoRenew_Success_And_Fail" time="0.001"/>
  <testcase classname="net.mooctest.LibraryTest" name="testUser_ReceiveNotification_Normal" time="0"/>
  <testcase classname="net.mooctest.LibraryTest" name="testBaseUser_FindBorrowRecord_PositiveAndNull" time="0"/>
  <testcase classname="net.mooctest.LibraryTest" name="testVIPUser_BorrowBook_ReachLimit" time="0.009"/>
  <testcase classname="net.mooctest.LibraryTest" name="testLibrary_ProcessReservations_EmptyQueue" time="0"/>
  <testcase classname="net.mooctest.LibraryTest" name="testGetEmail_GetPhoneNumber_KillNull" time="0"/>
  <testcase classname="net.mooctest.LibraryTest" name="testRegularUser_ReturnBook_CreditScoreExactly50_ShouldNotFreeze" time="0"/>
  <testcase classname="net.mooctest.LibraryTest" name="testSearchBook_WhenExistOrNot_ShouldReturnCorrectly" time="0.007"/>
  <testcase classname="net.mooctest.LibraryTest" name="testUser_ReserveBook_Frozen_ShouldThrow" time="0"/>
  <testcase classname="net.mooctest.LibraryTest" name="testAutoRenewalService_AccountNotActive_ShouldThrow" time="0"/>
  <testcase classname="net.mooctest.LibraryTest" name="testBaseUser_ReceiveNotification_BlkAndNormal" time="0"/>
  <testcase classname="net.mooctest.LibraryTest" name="testBorrowRecord_Getters_ReturnCorrectValues" time="0"/>
  <testcase classname="net.mooctest.LibraryTest" name="testBorrowRecord_CalculateFine_BlacklistedFineDouble" time="0"/>
  <testcase classname="net.mooctest.LibraryTest" name="testNotificationService_EmailFail_SmsSuccess" time="0"/>
  <testcase classname="net.mooctest.LibraryTest" name="testNotificationService_EmailSuccess_Log" time="0"/>
  <testcase classname="net.mooctest.LibraryTest" name="testVIPUser_ReturnBook_OverdueFineDeduct" time="0"/>
  <testcase classname="net.mooctest.LibraryTest" name="testReservation_DelayedReturn_ShouldPrintPriorityLowered" time="0"/>
  <testcase classname="net.mooctest.LibraryTest" name="testReservation_GetBook_ReturnsCorrectBook" time="0"/>
  <testcase classname="net.mooctest.LibraryTest" name="testRegularUser_BorrowBook_TryRare" time="0"/>
  <testcase classname="net.mooctest.LibraryTest" name="testReservation_BlacklistedUser_ShouldPrintCannotReserve" time="0"/>
  <testcase classname="net.mooctest.LibraryTest" name="testLibrary_RegisterUser_CreditBoundary50_ShouldRegister" time="0"/>
  <testcase classname="net.mooctest.LibraryTest" name="testRegularUser_BorrowBook_CreditLow" time="0"/>
  <testcase classname="net.mooctest.LibraryTest" name="testBorrowRecord_NoReturnOrOnTime_NoFine" time="0"/>
  <testcase classname="net.mooctest.LibraryTest" name="testLibrary_RepairUserCredit_LogBranches" time="0"/>
  <testcase classname="net.mooctest.LibraryTest" name="testBook_IsAvailable_InRepair_Println" time="0"/>
  <testcase classname="net.mooctest.LibraryTest" name="testLibrary_ProcessReservations_BookUnavailable_ReturnEarly" time="0"/>
  <testcase classname="net.mooctest.LibraryTest" name="testExternalLibraryAPI_CheckAvailability_MultiCalls_WithPrintln" time="0.007"/>
  <testcase classname="net.mooctest.LibraryTest" name="testBook_IsAvailable_Damaged_Println" time="0"/>
  <testcase classname="net.mooctest.LibraryTest" name="testCreditRepairService_CreditScoreBelow60_ShouldNotRestoreActive" time="0"/>
  <testcase classname="net.mooctest.LibraryTest" name="testInventoryService_ReportLost_Positive_ShouldUpdateInventoryAndCharge" time="0"/>
  <testcase classname="net.mooctest.LibraryTest" name="testBorrowBook_WhenCreditLow_ShouldThrowInsufficientCreditException" time="0"/>
  <testcase classname="net.mooctest.LibraryTest" name="testBook_IsAvailable_WhenInRepairShouldReturnFalse" time="0"/>
  <testcase classname="net.mooctest.LibraryTest" name="testCreditRepairService_PaymentCalculation_ExactDivision" time="0"/>
  <testcase classname="net.mooctest.LibraryTest" name="testExternalLibraryAPI_CheckAvailability_BothOutcomes" time="0"/>
  <testcase classname="net.mooctest.LibraryTest" name="testBorrowRecord_JournalBook_CorrectBaseFine" time="0"/>
  <testcase classname="net.mooctest.LibraryTest" name="testLibrary_RegisterUser_LogBranches" time="0"/>
  <testcase classname="net.mooctest.LibraryTest" name="testBorrowBook_WhenRegularUserVsVipUser_TypeLimitations" time="0"/>
  <testcase classname="net.mooctest.LibraryTest" name="testBorrowRecord_BlacklistedUser_ShouldPrintFineDoubled" time="0"/>
  <testcase classname="net.mooctest.LibraryTest" name="testNotificationService_WhenEmailAndSmsInvalid_ShouldThrow" time="0"/>
  <testcase classname="net.mooctest.LibraryTest" name="testReservation_DelayedReturn_LowersPriority" time="0"/>
  <testcase classname="net.mooctest.LibraryTest" name="testReturnBook_WhenOverdue_ShouldThrowOverdueFineException" time="0"/>
  <testcase classname="net.mooctest.LibraryTest" name="testAutoRenewalService_Success_ExactPlus14Days" time="0"/>
  <testcase classname="net.mooctest.LibraryTest" name="testBorrowBook_WhenBookOutOfStock_ShouldThrowBookNotAvailableException" time="0.001"/>
  <testcase classname="net.mooctest.LibraryTest" name="testAutoRenewalService_Success_ExtendBy14Days" time="0"/>
  <testcase classname="net.mooctest.LibraryTest" name="testAutoRenewalService_BookReserved_ShouldThrow" time="0"/>
  <testcase classname="net.mooctest.LibraryTest" name="testExternalLibraryAPI_CheckAvailability_Random" time="0"/>
  <testcase classname="net.mooctest.LibraryTest" name="testReservation_Blacklisted_ReturnsMinusOne" time="0"/>
  <testcase classname="net.mooctest.LibraryTest" name="testBorrowRecord_ExtendDueDate_ExactDays" time="0"/>
  <testcase classname="net.mooctest.LibraryTest" name="testRegularUser_ReturnBook_FinesExceed100_ShouldFreezeAndThrow" time="0"/>
  <testcase classname="net.mooctest.LibraryTest" name="testExternalLibraryAPI_CheckAvailability_Println" time="0.001"/>
  <testcase classname="net.mooctest.LibraryTest" name="testBook_ReportDamage_Twice" time="0"/>
  <testcase classname="net.mooctest.LibraryTest" name="testAutoRenewalService_NoRecord_ShouldThrow" time="0"/>
  <testcase classname="net.mooctest.LibraryTest" name="testVIPUser_BorrowBook_CreditEqual50_ShouldAllow" time="0"/>
  <testcase classname="net.mooctest.LibraryTest" name="testBorrowRecord_CalculateFine_DamagedBook" time="0"/>
  <testcase classname="net.mooctest.LibraryTest" name="testBorrowBook_WhenExceedLimit_ShouldThrowInvalidOperationException" time="0.003"/>
  <testcase classname="net.mooctest.LibraryTest" name="testVIPUser_BorrowBook_FineFreezeOverdue" time="0"/>
  <testcase classname="net.mooctest.LibraryTest" name="testBook_Return_WhenAllCopiesInLibrary_ShouldThrow" time="0"/>
  <testcase classname="net.mooctest.LibraryTest" name="testBook_ReportRepair_Sysout" time="0.001"/>
  <testcase classname="net.mooctest.LibraryTest" name="testReserveBook_WhenBookUnavailable_AddToQueue" time="0"/>
  <testcase classname="net.mooctest.LibraryTest" name="testLibrary_ReportLostAndDamaged_FailBranches" time="0"/>
  <testcase classname="net.mooctest.LibraryTest" name="testCreditRepairService_CreditScoreAbove60_ShouldRestoreActive" time="0"/>
  <testcase classname="net.mooctest.LibraryTest" name="testVIPUser_BorrowBook_ShouldIncreaseCreditBy2" time="0"/>
  <testcase classname="net.mooctest.LibraryTest" name="testAutoRenewal_WhenEligible_ShouldSucceed" time="0"/>
  <testcase classname="net.mooctest.LibraryTest" name="testVIPUser_FindBorrowRecord_NotFound" time="0"/>
  <testcase classname="net.mooctest.LibraryTest" name="testExternalLibraryAPI_CheckAvailability_ReturnValueUsed" time="0.036"/>
  <testcase classname="net.mooctest.LibraryTest" name="testRegularUser_BorrowBook_WhenBlacklisted_ShouldThrow" time="0.001"/>
  <testcase classname="net.mooctest.LibraryTest" name="testRegularUser_ReturnBook_ExactlyOnTime_14Days_NoOverdue" time="0"/>
  <testcase classname="net.mooctest.LibraryTest" name="testVIPUser_ReturnBook_NotBorrowed_ShouldThrow" time="0"/>
  <testcase classname="net.mooctest.LibraryTest" name="testBook_RemoveReservation_NotInQueue_ShouldLog" time="0"/>
  <testcase classname="net.mooctest.LibraryTest" name="testBook_ReportRepair_Twice" time="0"/>
  <testcase classname="net.mooctest.LibraryTest" name="testRegularUser_BorrowBook_ShouldIncreaseCreditBy1" time="0"/>
</testsuite>